Results: 

Block Length:  1
Protocol: ccmp
IV : 43lkrjwlk4r4oi34
key: e47ac129b920f0ed
Plain Text : Lorem ipsum dolo
Entropy of PlainText:  3.452819531114783
Cipher text: b'\t\x0c\xf1\xa2\xfc\xec1\x83\xe7\xde\xe9x\x1e\x8d\xa9$D4$\xf0\xf5\xa0&\xb8\xdaU}1`\x07\x18\x8d'
SOURCE MIC: b'\x0e\x00](vO\x85\xf2\xf3\x1e\xb0\xb2\x9e_\x80.'
Entropy of CipherText:  4.8125
Entropy of MIC  :  4.0
Encryption Time   :  2.152850000000001 ms
Encryption RAM Usage:  21.81640625 MiB
Encryption CPU sys:  1.1453162000000006
Integrity Check Faild !

Block Length:  1
Protocol: gcmp
IV : 43lkrjwlk4r4oi34
key: e47ac129b920f0ed
Plain Text : Lorem ipsum dolo
Entropy of PlainText:  3.452819531114783
Cipher text: b'\t\x0c\xf1\xa2\xfc\xec1\x83\xe7\xde\xe9x\x1e\x8d\xa9$D4$\xf0\xf5\xa0&\xb8\xdaU}1`\x07\x18\x8d'
SOURCE MIC: b'9z\xbfzm\xe6ihp\xf8\x8cD\x98HL\xbf'
Entropy of CipherText:  4.8125
Entropy of MIC  :  3.75
Encryption Time   :  0.9712250000000002 ms
Encryption RAM Usage:  21.87109375 MiB
Encryption CPU sys:  1.2188873750000002
Decrypted Message: Lorem ipsum dolo
DESTINATION MIC: b'9z\xbfzm\xe6ihp\xf8\x8cD\x98HL\xbf'
Decryption Time:  2.3037439999999996 ms
Decryption RAM Usage:  21.87890625 MiB
Decryption CPU sys:  4.116790527999999

